Arguments: 
  /usr/bin/node /usr/bin/yarn dev

PATH: 
  /home/bertie/.rbenv/plugins/ruby-build/bin:/home/bertie/.rbenv/shims:/home/bertie/.rbenv/bin:/home/bertie/bin:/home/bertie/.local/bin:/usr/local/gradle/bin:/usr/local/sbin:/usr/local/bin:/usr/sbin:/usr/bin:/sbin:/bin:/usr/games:/usr/local/games:/usr/lib/jvm/jdk1.8.0_161/bin:/opt/gradle/gradle-4.6/bin:/snap/bin:/home/bertie/.rvm/bin:/home/bertie/.rvm/bin

Yarn version: 
  1.5.1

Node version: 
  8.11.1

Platform: 
  linux x64

npm manifest: 
  {
    "name": "server",
    "version": "1.0.0",
    "description": "",
    "main": "app.js",
    "dependencies": {
      "dotenv": "^5.0.1",
      "express": "^4.16.3",
      "request": "^2.85.0"
    },
    "devDependencies": {
      "concurrently": "^3.5.0"
    },
    "scripts": {
      "start": "node app.js",
      "client": "cd.. && cd client && yarn start",
      "server": "nodemon server.js",
      "dev": "concurrently --kill-others-on-fail \"yarn server\" \"yarn client\""
    },
    "author": "",
    "license": "ISC"
  }

yarn manifest: 
  No manifest

Lockfile: 
  No lockfile

Trace: 
  Error: Command failed.
  Exit code: 1
  Command: sh
  Arguments: -c concurrently --kill-others-on-fail "yarn server" "yarn client"
  Directory: /home/bertie/Projects/Flyt_TT/node-server
  Output:
  
      at ProcessTermError.MessageError (/usr/lib/node_modules/yarn/lib/cli.js:186:110)
      at new ProcessTermError (/usr/lib/node_modules/yarn/lib/cli.js:226:113)
      at ChildProcess.<anonymous> (/usr/lib/node_modules/yarn/lib/cli.js:30281:17)
      at emitTwo (events.js:126:13)
      at ChildProcess.emit (events.js:214:7)
      at maybeClose (internal/child_process.js:925:16)
      at Process.ChildProcess._handle.onexit (internal/child_process.js:209:5)
